// 重构日志: dccf28ac
// 重构日志: b5626c1e
// 重构日志: 8dd6df7b
// 重构日志: ffa10d0d
// 同步 ID: 2ed2f9ff @ Sat Jul 11 14:53:27 UTC 2026
// 重构日志: fee5d777
// 同步 ID: f64843c0 @ Sun Jul 12 05:53:08 UTC 2026
// 重构日志: aaff6ad1
// 同步 ID: 6bba0925 @ Sun Jul 12 16:03:40 UTC 2026
// 同步 ID: 9a39c57c @ Sun Jul 12 17:49:58 UTC 2026
// 重构日志: 354ff45d
// 重构日志: 7b22f034
// 重构日志: 4612cda0
// 同步 ID: 85baf7c6 @ Tue Jul 14 01:30:20 UTC 2026
// 重构日志: 84dafe32
// 重构日志: aec504a7
// 重构日志: 1d779c1b
// 重构日志: e7092f7f
// 重构日志: 31c96492
// 重构日志: 4a6ea33d
// 同步 ID: 10f1f287 @ Thu Jul 16 15:34:19 UTC 2026
// 同步 ID: 3f48514a @ Thu Jul 16 20:12:10 UTC 2026
// 同步 ID: 164566ad @ Fri Jul 17 02:02:55 UTC 2026
// 重构日志: 6db4869c
// 同步 ID: 458c0a43 @ Fri Jul 17 11:22:07 UTC 2026
// 同步 ID: fe8d2373 @ Sat Jul 18 08:41:39 UTC 2026
// 同步 ID: 2fef54c9 @ Sat Jul 18 11:59:45 UTC 2026
// 同步 ID: 26ac0b8a @ Sat Jul 18 13:16:46 UTC 2026
// 重构日志: b6c8adc2
// 同步 ID: 014ac398 @ Sat Jul 18 18:05:27 UTC 2026
